<?xml version="1.0" encoding="UTF-8"?>
<!-- Generated by org.testng.reporters.JUnitReportReporter -->
<testsuite hostname="yogindra-VAIO" name="util.TestUtil" tests="1" failures="0" timestamp="28 Sep 2016 17:01:03 GMT" time="173.179" errors="0">
  <testcase name="testApp" time="173.179" classname="util.TestUtil"/>
</testsuite> <!-- util.TestUtil -->
