<?xml version="1.0" encoding="UTF-8"?>
<!-- Generated by org.testng.reporters.JUnitReportReporter -->
<testsuite hostname="yogindra-VAIO" name="apps.DriverApp" tests="1" failures="0" timestamp="7 Oct 2016 06:41:47 GMT" time="7.130" errors="0">
  <testcase name="testApp" time="7.130" classname="apps.DriverApp"/>
</testsuite> <!-- apps.DriverApp -->
